<?xml version="1.0" encoding="UTF-8"?>
<!-- Generated by org.testng.reporters.JUnitReportReporter -->
<testsuite hostname="TYSS-Neha-C-Zutti" failures="0" tests="1" name="p1.pgm1" time="0.029" errors="0" timestamp="2024-05-21T12:58:21 IST" skipped="0">
  <testcase classname="p1.pgm1" name="pgm" time="0.029"/>
  <system-out/>
</testsuite> <!-- p1.pgm1 -->
